1517918637250	geckodriver	INFO	geckodriver 0.19.1
1517918637253	geckodriver	INFO	Listening on 127.0.0.1:39733
1517918638432	mozrunner::runner	INFO	Running command: "/usr/bin/firefox" "-marionette" "-profile" "/tmp/rust_mozprofile.Hvom8PRQJreq"
1517918639566	Marionette	INFO	Enabled via --marionette
1517918642561	Marionette	INFO	Listening on port 42403
1517918642694	Marionette	WARN	TLS certificate errors will be ignored for this session
1517918787284	geckodriver	INFO	geckodriver 0.19.1
1517918787287	geckodriver	INFO	Listening on 127.0.0.1:57349
1517918788413	mozrunner::runner	INFO	Running command: "/usr/bin/firefox" "-marionette" "-profile" "/tmp/rust_mozprofile.z21O22iakls2"
1517918788996	Marionette	INFO	Enabled via --marionette
1517918791118	Marionette	INFO	Listening on port 35699
1517918791124	Marionette	WARN	TLS certificate errors will be ignored for this session
1517918886244	geckodriver	INFO	geckodriver 0.19.1
1517918886246	geckodriver	INFO	Listening on 127.0.0.1:43463
1517918887379	mozrunner::runner	INFO	Running command: "/usr/bin/firefox" "-marionette" "-profile" "/tmp/rust_mozprofile.pdPZWUexJ03p"
1517918887964	Marionette	INFO	Enabled via --marionette
1517918889975	Marionette	INFO	Listening on port 33755
1517918889990	Marionette	WARN	TLS certificate errors will be ignored for this session
*** UTM:SVC TimerManager:registerTimer called after profile-before-change notification. Ignoring timer registration for id: telemetry_modules_ping
1517918955111	geckodriver	INFO	geckodriver 0.19.1
1517918955115	geckodriver	INFO	Listening on 127.0.0.1:59905
1517918956322	mozrunner::runner	INFO	Running command: "/usr/bin/firefox" "-marionette" "-profile" "/tmp/rust_mozprofile.JF3x53na7C4y"
1517918957019	Marionette	INFO	Enabled via --marionette
1517918959511	Marionette	INFO	Listening on port 38007
1517918960482	Marionette	WARN	TLS certificate errors will be ignored for this session
1517919486386	geckodriver	INFO	geckodriver 0.19.1
1517919486389	geckodriver	INFO	Listening on 127.0.0.1:39211
1517919487520	mozrunner::runner	INFO	Running command: "/usr/bin/firefox" "-marionette" "-profile" "/tmp/rust_mozprofile.0PFXCZvaDXr4"
1517919713073	geckodriver	INFO	geckodriver 0.19.1
1517919713076	geckodriver	INFO	Listening on 127.0.0.1:36553
1517919714208	mozrunner::runner	INFO	Running command: "/usr/bin/firefox" "-marionette" "-profile" "/tmp/rust_mozprofile.sa4uaUmDOD39"
1517919714814	Marionette	INFO	Enabled via --marionette
1517919716845	Marionette	INFO	Listening on port 39245
1517919716945	Marionette	WARN	TLS certificate errors will be ignored for this session
1517919727795	geckodriver	INFO	geckodriver 0.19.1
1517919727798	geckodriver	INFO	Listening on 127.0.0.1:50429
1517919728905	mozrunner::runner	INFO	Running command: "/usr/bin/firefox" "-marionette" "-profile" "/tmp/rust_mozprofile.soEfw6XKGwaG"
1517919729499	Marionette	INFO	Enabled via --marionette
1517919731376	Marionette	INFO	Listening on port 32937
1517919731415	Marionette	WARN	TLS certificate errors will be ignored for this session
1517919753939	geckodriver	INFO	geckodriver 0.19.1
1517919753942	geckodriver	INFO	Listening on 127.0.0.1:38325
1517919755044	mozrunner::runner	INFO	Running command: "/usr/bin/firefox" "-marionette" "-profile" "/tmp/rust_mozprofile.DSSQxEFh69rU"
1517919755635	Marionette	INFO	Enabled via --marionette
1517919757611	Marionette	INFO	Listening on port 33585
1517919757669	Marionette	WARN	TLS certificate errors will be ignored for this session
1517919795336	geckodriver	INFO	geckodriver 0.19.1
1517919795339	geckodriver	INFO	Listening on 127.0.0.1:39987
1517919796441	mozrunner::runner	INFO	Running command: "/usr/bin/firefox" "-marionette" "-profile" "/tmp/rust_mozprofile.lEE2f9lfrh4V"
1517919797051	Marionette	INFO	Enabled via --marionette
1517919798951	Marionette	INFO	Listening on port 37521
1517919799050	Marionette	WARN	TLS certificate errors will be ignored for this session
ATTENTION: default value of option force_s3tc_enable overridden by environment.
*** UTM:SVC TimerManager:registerTimer called after profile-before-change notification. Ignoring timer registration for id: telemetry_modules_ping
1517920115568	geckodriver	INFO	geckodriver 0.19.1
1517920115570	geckodriver	INFO	Listening on 127.0.0.1:41545
1517920116696	mozrunner::runner	INFO	Running command: "/usr/bin/firefox" "-marionette" "-profile" "/tmp/rust_mozprofile.2wMpAXfLe2Ef"
1517920117283	Marionette	INFO	Enabled via --marionette
1517920119210	Marionette	INFO	Listening on port 40085
1517920119308	Marionette	WARN	TLS certificate errors will be ignored for this session
*** UTM:SVC TimerManager:registerTimer called after profile-before-change notification. Ignoring timer registration for id: telemetry_modules_ping
1517920157922	geckodriver	INFO	geckodriver 0.19.1
1517920157925	geckodriver	INFO	Listening on 127.0.0.1:60607
1517920159053	mozrunner::runner	INFO	Running command: "/usr/bin/firefox" "-marionette" "-profile" "/tmp/rust_mozprofile.XxBvHX6zyUya"
1517920159670	Marionette	INFO	Enabled via --marionette
1517920161589	Marionette	INFO	Listening on port 41737
1517920161662	Marionette	WARN	TLS certificate errors will be ignored for this session
1517920253820	geckodriver	INFO	geckodriver 0.19.1
1517920253823	geckodriver	INFO	Listening on 127.0.0.1:35029
1517920254959	mozrunner::runner	INFO	Running command: "/usr/bin/firefox" "-marionette" "-profile" "/tmp/rust_mozprofile.prjhN7VS7wZt"
1517920255789	Marionette	INFO	Enabled via --marionette
1517920257887	Marionette	INFO	Listening on port 35481
1517920257969	Marionette	WARN	TLS certificate errors will be ignored for this session
*** UTM:SVC TimerManager:registerTimer called after profile-before-change notification. Ignoring timer registration for id: telemetry_modules_ping
1517920278746	geckodriver	INFO	geckodriver 0.19.1
1517920278748	geckodriver	INFO	Listening on 127.0.0.1:39417
1517920279844	mozrunner::runner	INFO	Running command: "/usr/bin/firefox" "-marionette" "-profile" "/tmp/rust_mozprofile.uPR5sU6lEMBT"
1517920280469	Marionette	INFO	Enabled via --marionette
1517920282367	Marionette	INFO	Listening on port 37577
1517920282453	Marionette	WARN	TLS certificate errors will be ignored for this session
JavaScript error: chrome://global/content/bindings/textbox.xml, line 490: TypeError: controller is null
*** UTM:SVC TimerManager:registerTimer called after profile-before-change notification. Ignoring timer registration for id: telemetry_modules_ping
1517920330744	geckodriver	INFO	geckodriver 0.19.1
1517920330746	geckodriver	INFO	Listening on 127.0.0.1:47199
1517920331867	mozrunner::runner	INFO	Running command: "/usr/bin/firefox" "-marionette" "-profile" "/tmp/rust_mozprofile.7ADFljEuA77s"
1517920332411	Marionette	INFO	Enabled via --marionette
1517920334265	Marionette	INFO	Listening on port 44879
1517920334306	Marionette	WARN	TLS certificate errors will be ignored for this session
*** UTM:SVC TimerManager:registerTimer called after profile-before-change notification. Ignoring timer registration for id: telemetry_modules_ping
1517920356192	geckodriver	INFO	geckodriver 0.19.1
1517920356195	geckodriver	INFO	Listening on 127.0.0.1:55895
1517920357292	mozrunner::runner	INFO	Running command: "/usr/bin/firefox" "-marionette" "-profile" "/tmp/rust_mozprofile.mF9tjZ1JuIzK"
1517920357853	Marionette	INFO	Enabled via --marionette
1517920359617	Marionette	INFO	Listening on port 46343
1517920359718	Marionette	WARN	TLS certificate errors will be ignored for this session
*** UTM:SVC TimerManager:registerTimer called after profile-before-change notification. Ignoring timer registration for id: telemetry_modules_ping
1517920594893	geckodriver	INFO	geckodriver 0.19.1
1517920594896	geckodriver	INFO	Listening on 127.0.0.1:39241
1517920596021	mozrunner::runner	INFO	Running command: "/usr/bin/firefox" "-marionette" "-profile" "/tmp/rust_mozprofile.7VdaWhIA1SVm"
1517920596568	Marionette	INFO	Enabled via --marionette
1517920598326	Marionette	INFO	Listening on port 45027
1517920598332	Marionette	WARN	TLS certificate errors will be ignored for this session
*** UTM:SVC TimerManager:registerTimer called after profile-before-change notification. Ignoring timer registration for id: telemetry_modules_ping
1517920797444	geckodriver	INFO	geckodriver 0.19.1
1517920797447	geckodriver	INFO	Listening on 127.0.0.1:58221
1517920798571	mozrunner::runner	INFO	Running command: "/usr/bin/firefox" "-marionette" "-profile" "/tmp/rust_mozprofile.oqMWDZFWTgtz"
1517920799154	Marionette	INFO	Enabled via --marionette
1517920800957	Marionette	INFO	Listening on port 35023
1517920800984	Marionette	WARN	TLS certificate errors will be ignored for this session
1517920867140	geckodriver	INFO	geckodriver 0.19.1
1517920867142	geckodriver	INFO	Listening on 127.0.0.1:38407
1517920868243	mozrunner::runner	INFO	Running command: "/usr/bin/firefox" "-marionette" "-profile" "/tmp/rust_mozprofile.w5m3ARNIssRR"
1517920868815	Marionette	INFO	Enabled via --marionette
1517920870690	Marionette	INFO	Listening on port 40859
1517920870764	Marionette	WARN	TLS certificate errors will be ignored for this session
*** UTM:SVC TimerManager:registerTimer called after profile-before-change notification. Ignoring timer registration for id: telemetry_modules_ping
1517920886826	geckodriver	INFO	geckodriver 0.19.1
1517920886829	geckodriver	INFO	Listening on 127.0.0.1:35979
1517920887951	mozrunner::runner	INFO	Running command: "/usr/bin/firefox" "-marionette" "-profile" "/tmp/rust_mozprofile.Ux7vMuuq2Fw7"
1517920888787	Marionette	INFO	Enabled via --marionette
1517920890512	Marionette	INFO	Listening on port 40825
1517920890561	Marionette	WARN	TLS certificate errors will be ignored for this session
*** UTM:SVC TimerManager:registerTimer called after profile-before-change notification. Ignoring timer registration for id: telemetry_modules_ping
1517920989573	geckodriver	INFO	geckodriver 0.19.1
1517920989576	geckodriver	INFO	Listening on 127.0.0.1:59171
1517920990716	mozrunner::runner	INFO	Running command: "/usr/bin/firefox" "-marionette" "-profile" "/tmp/rust_mozprofile.Y1M4GB9pmtHt"
1517920991328	Marionette	INFO	Enabled via --marionette
1517920993004	Marionette	INFO	Listening on port 34219
1517920993026	Marionette	WARN	TLS certificate errors will be ignored for this session
1517921004177	geckodriver	INFO	geckodriver 0.19.1
1517921004180	geckodriver	INFO	Listening on 127.0.0.1:56409
1517921005329	mozrunner::runner	INFO	Running command: "/usr/bin/firefox" "-marionette" "-profile" "/tmp/rust_mozprofile.0Lb6za0SbL9D"
1517921005899	Marionette	INFO	Enabled via --marionette
1517921007617	Marionette	INFO	Listening on port 34153
1517921007638	Marionette	WARN	TLS certificate errors will be ignored for this session
[Parent 23928, Gecko_IOThread] WARNING: pipe error (52): Connection reset by peer: file /build/firefox-ox8TnP/firefox-58.0.1+build1/ipc/chromium/src/chrome/common/ipc_channel_posix.cc, line 353
*** UTM:SVC TimerManager:registerTimer called after profile-before-change notification. Ignoring timer registration for id: telemetry_modules_ping
ATTENTION: default value of option force_s3tc_enable overridden by environment.

###!!! [Child][RunMessage] Error: Channel closing: too late to send/recv, messages will be lost

1517921169917	geckodriver	INFO	geckodriver 0.19.1
1517921169920	geckodriver	INFO	Listening on 127.0.0.1:58579
1517921171043	mozrunner::runner	INFO	Running command: "/usr/bin/firefox" "-marionette" "-profile" "/tmp/rust_mozprofile.omgK86TXvgyA"
1517921171571	Marionette	INFO	Enabled via --marionette
1517921173316	Marionette	INFO	Listening on port 32887
1517921173352	Marionette	WARN	TLS certificate errors will be ignored for this session
1517921195430	geckodriver	INFO	geckodriver 0.19.1
1517921195433	geckodriver	INFO	Listening on 127.0.0.1:38597
1517921196528	mozrunner::runner	INFO	Running command: "/usr/bin/firefox" "-marionette" "-profile" "/tmp/rust_mozprofile.bzQwnT93zYcd"
1517921197082	Marionette	INFO	Enabled via --marionette
1517921198698	Marionette	INFO	Listening on port 43447
1517921198738	Marionette	WARN	TLS certificate errors will be ignored for this session
*** UTM:SVC TimerManager:registerTimer called after profile-before-change notification. Ignoring timer registration for id: telemetry_modules_ping
1517921287811	geckodriver	INFO	geckodriver 0.19.1
1517921287814	geckodriver	INFO	Listening on 127.0.0.1:54961
1517921288932	mozrunner::runner	INFO	Running command: "/usr/bin/firefox" "-marionette" "-profile" "/tmp/rust_mozprofile.SSrcy8l5Jrd0"
1517921289492	Marionette	INFO	Enabled via --marionette
1517921291280	Marionette	INFO	Listening on port 33381
1517921291354	Marionette	WARN	TLS certificate errors will be ignored for this session
1517921311094	geckodriver	INFO	geckodriver 0.19.1
1517921311096	geckodriver	INFO	Listening on 127.0.0.1:55191
1517921312220	mozrunner::runner	INFO	Running command: "/usr/bin/firefox" "-marionette" "-profile" "/tmp/rust_mozprofile.O1PyToQUFu7F"
1517921312782	Marionette	INFO	Enabled via --marionette
1517921314543	Marionette	INFO	Listening on port 35019
1517921314628	Marionette	WARN	TLS certificate errors will be ignored for this session
ATTENTION: default value of option force_s3tc_enable overridden by environment.
*** UTM:SVC TimerManager:registerTimer called after profile-before-change notification. Ignoring timer registration for id: telemetry_modules_ping
1517921449316	geckodriver	INFO	geckodriver 0.19.1
1517921449319	geckodriver	INFO	Listening on 127.0.0.1:32829
1517921450421	mozrunner::runner	INFO	Running command: "/usr/bin/firefox" "-marionette" "-profile" "/tmp/rust_mozprofile.qnzR9UkFdy4A"
1517921451068	Marionette	INFO	Enabled via --marionette
1517921452730	Marionette	INFO	Listening on port 44163
1517921452836	Marionette	WARN	TLS certificate errors will be ignored for this session
ATTENTION: default value of option force_s3tc_enable overridden by environment.
[Parent 25022, Gecko_IOThread] WARNING: pipe error (58): Connection reset by peer: file /build/firefox-ox8TnP/firefox-58.0.1+build1/ipc/chromium/src/chrome/common/ipc_channel_posix.cc, line 353
*** UTM:SVC TimerManager:registerTimer called after profile-before-change notification. Ignoring timer registration for id: telemetry_modules_ping
1517921472528	geckodriver	INFO	geckodriver 0.19.1
1517921472530	geckodriver	INFO	Listening on 127.0.0.1:40927
1517921473632	mozrunner::runner	INFO	Running command: "/usr/bin/firefox" "-marionette" "-profile" "/tmp/rust_mozprofile.xo8FuWxIAuB5"
1517921474169	Marionette	INFO	Enabled via --marionette
1517921475783	Marionette	INFO	Listening on port 41701
1517921475841	Marionette	WARN	TLS certificate errors will be ignored for this session
*** UTM:SVC TimerManager:registerTimer called after profile-before-change notification. Ignoring timer registration for id: telemetry_modules_ping
1517921592502	geckodriver	INFO	geckodriver 0.19.1
1517921592505	geckodriver	INFO	Listening on 127.0.0.1:34637
1517921593604	mozrunner::runner	INFO	Running command: "/usr/bin/firefox" "-marionette" "-profile" "/tmp/rust_mozprofile.uRkA3jO5qJuZ"
1517921594153	Marionette	INFO	Enabled via --marionette
1517921595966	Marionette	INFO	Listening on port 36591
1517921596020	Marionette	WARN	TLS certificate errors will be ignored for this session
JavaScript error: resource://devtools/client/jsonview/converter-observer.js, line 93: NS_ERROR_NOT_AVAILABLE: Component returned failure code: 0x80040111 (NS_ERROR_NOT_AVAILABLE) [nsIChannel.contentType]
ATTENTION: default value of option force_s3tc_enable overridden by environment.
[Child 25502, Chrome_ChildThread] WARNING: pipe error: Broken pipe: file /build/firefox-ox8TnP/firefox-58.0.1+build1/ipc/chromium/src/chrome/common/ipc_channel_posix.cc, line 709
[Child 25502, Chrome_ChildThread] WARNING: pipe error: Broken pipe: file /build/firefox-ox8TnP/firefox-58.0.1+build1/ipc/chromium/src/chrome/common/ipc_channel_posix.cc, line 709
[Child 25502, Chrome_ChildThread] WARNING: pipe error: Broken pipe: file /build/firefox-ox8TnP/firefox-58.0.1+build1/ipc/chromium/src/chrome/common/ipc_channel_posix.cc, line 709
[Child 25502, Chrome_ChildThread] WARNING: pipe error: Broken pipe: file /build/firefox-ox8TnP/firefox-58.0.1+build1/ipc/chromium/src/chrome/common/ipc_channel_posix.cc, line 709
[Child 25502, Chrome_ChildThread] WARNING: pipe error: Broken pipe: file /build/firefox-ox8TnP/firefox-58.0.1+build1/ipc/chromium/src/chrome/common/ipc_channel_posix.cc, line 709
[Child 25502, Chrome_ChildThread] WARNING: pipe error: Broken pipe: file /build/firefox-ox8TnP/firefox-58.0.1+build1/ipc/chromium/src/chrome/common/ipc_channel_posix.cc, line 709
[Child 25502, Chrome_ChildThread] WARNING: pipe error: Broken pipe: file /build/firefox-ox8TnP/firefox-58.0.1+build1/ipc/chromium/src/chrome/common/ipc_channel_posix.cc, line 709
[Child 25502, Chrome_ChildThread] WARNING: pipe error: Broken pipe: file /build/firefox-ox8TnP/firefox-58.0.1+build1/ipc/chromium/src/chrome/common/ipc_channel_posix.cc, line 709
[Child 25502, Chrome_ChildThread] WARNING: pipe error: Broken pipe: file /build/firefox-ox8TnP/firefox-58.0.1+build1/ipc/chromium/src/chrome/common/ipc_channel_posix.cc, line 709
[Child 25502, Chrome_ChildThread] WARNING: pipe error: Broken pipe: file /build/firefox-ox8TnP/firefox-58.0.1+build1/ipc/chromium/src/chrome/common/ipc_channel_posix.cc, line 709
[Child 25502, Chrome_ChildThread] WARNING: pipe error: Broken pipe: file /build/firefox-ox8TnP/firefox-58.0.1+build1/ipc/chromium/src/chrome/common/ipc_channel_posix.cc, line 709

###!!! [Child][RunMessage] Error: Channel closing: too late to send/recv, messages will be lost


###!!! [Child][RunMessage] Error: Channel closing: too late to send/recv, messages will be lost


###!!! [Child][RunMessage] Error: Channel closing: too late to send/recv, messages will be lost

[Parent 25402, Gecko_IOThread] WARNING: pipe error (74): Connection reset by peer: file /build/firefox-ox8TnP/firefox-58.0.1+build1/ipc/chromium/src/chrome/common/ipc_channel_posix.cc, line 353
[Parent 25402, Gecko_IOThread] WARNING: pipe error (58): Connection reset by peer: file /build/firefox-ox8TnP/firefox-58.0.1+build1/ipc/chromium/src/chrome/common/ipc_channel_posix.cc, line 353
*** UTM:SVC TimerManager:registerTimer called after profile-before-change notification. Ignoring timer registration for id: telemetry_modules_ping
1517921800148	geckodriver	INFO	geckodriver 0.19.1
1517921800150	geckodriver	INFO	Listening on 127.0.0.1:33777
1517921801250	mozrunner::runner	INFO	Running command: "/usr/bin/firefox" "-marionette" "-profile" "/tmp/rust_mozprofile.OYlShGgAxVfa"
1517921801725	Marionette	INFO	Enabled via --marionette
1517921803236	Marionette	INFO	Listening on port 39951
1517921803262	Marionette	WARN	TLS certificate errors will be ignored for this session
ATTENTION: default value of option force_s3tc_enable overridden by environment.
*** UTM:SVC TimerManager:registerTimer called after profile-before-change notification. Ignoring timer registration for id: telemetry_modules_ping
1517921815212	geckodriver	INFO	geckodriver 0.19.1
1517921815214	geckodriver	INFO	Listening on 127.0.0.1:48359
1517921816317	mozrunner::runner	INFO	Running command: "/usr/bin/firefox" "-marionette" "-profile" "/tmp/rust_mozprofile.X26MFj5WtWmO"
1517921816854	Marionette	INFO	Enabled via --marionette
1517921818525	Marionette	INFO	Listening on port 36469
1517921818633	Marionette	WARN	TLS certificate errors will be ignored for this session
ATTENTION: default value of option force_s3tc_enable overridden by environment.
*** UTM:SVC TimerManager:registerTimer called after profile-before-change notification. Ignoring timer registration for id: telemetry_modules_ping
1517921850547	geckodriver	INFO	geckodriver 0.19.1
1517921850550	geckodriver	INFO	Listening on 127.0.0.1:47901
1517921851655	mozrunner::runner	INFO	Running command: "/usr/bin/firefox" "-marionette" "-profile" "/tmp/rust_mozprofile.rnn0XHEUGcF6"
1517921852191	Marionette	INFO	Enabled via --marionette
1517921853955	Marionette	INFO	Listening on port 39887
1517921853969	Marionette	WARN	TLS certificate errors will be ignored for this session
ATTENTION: default value of option force_s3tc_enable overridden by environment.
*** UTM:SVC TimerManager:registerTimer called after profile-before-change notification. Ignoring timer registration for id: telemetry_modules_ping
1517921903561	geckodriver	INFO	geckodriver 0.19.1
1517921903563	geckodriver	INFO	Listening on 127.0.0.1:49441
1517921904665	mozrunner::runner	INFO	Running command: "/usr/bin/firefox" "-marionette" "-profile" "/tmp/rust_mozprofile.mkC85OHj3juf"
1517921905191	Marionette	INFO	Enabled via --marionette
1517921906801	Marionette	INFO	Listening on port 33063
1517921906872	Marionette	WARN	TLS certificate errors will be ignored for this session
ATTENTION: default value of option force_s3tc_enable overridden by environment.
1517922243101	geckodriver	INFO	geckodriver 0.19.1
1517922243104	geckodriver	INFO	Listening on 127.0.0.1:35875
1517922244206	mozrunner::runner	INFO	Running command: "/usr/bin/firefox" "-marionette" "-profile" "/tmp/rust_mozprofile.ZRScG9W0MTyc"
1517922244744	Marionette	INFO	Enabled via --marionette
1517922246401	Marionette	INFO	Listening on port 45893
1517922246431	Marionette	WARN	TLS certificate errors will be ignored for this session
ATTENTION: default value of option force_s3tc_enable overridden by environment.
1517925297337	geckodriver	INFO	geckodriver 0.19.1
1517925297339	geckodriver	INFO	Listening on 127.0.0.1:59007
1517925298449	mozrunner::runner	INFO	Running command: "/usr/bin/firefox" "-marionette" "-profile" "/tmp/rust_mozprofile.NlT8tigt929G"
1517925299011	Marionette	INFO	Enabled via --marionette
1517925300777	Marionette	INFO	Listening on port 42001
1517925300857	Marionette	WARN	TLS certificate errors will be ignored for this session
ATTENTION: default value of option force_s3tc_enable overridden by environment.
1517925318408	geckodriver	INFO	geckodriver 0.19.1
1517925318410	geckodriver	INFO	Listening on 127.0.0.1:35131
1517925319539	mozrunner::runner	INFO	Running command: "/usr/bin/firefox" "-marionette" "-profile" "/tmp/rust_mozprofile.nk4OBO543AOG"
1517925320047	Marionette	INFO	Enabled via --marionette
1517925321707	Marionette	INFO	Listening on port 36035
1517925321748	Marionette	WARN	TLS certificate errors will be ignored for this session
ATTENTION: default value of option force_s3tc_enable overridden by environment.
*** UTM:SVC TimerManager:registerTimer called after profile-before-change notification. Ignoring timer registration for id: telemetry_modules_ping
JavaScript error: resource://devtools/shared/base-loader.js -> resource://devtools/shared/webconsole/network-monitor.js, line 527: TypeError: this.sink is null
JavaScript error: resource://devtools/shared/base-loader.js -> resource://devtools/shared/webconsole/network-monitor.js, line 527: TypeError: this.sink is null
1517925464705	geckodriver	INFO	geckodriver 0.19.1
1517925464708	geckodriver	INFO	Listening on 127.0.0.1:51253
1517925465834	mozrunner::runner	INFO	Running command: "/usr/bin/firefox" "-marionette" "-profile" "/tmp/rust_mozprofile.bTy98FqDe8w5"
1517925466386	Marionette	INFO	Enabled via --marionette
1517925468022	Marionette	INFO	Listening on port 40981
1517925468046	Marionette	WARN	TLS certificate errors will be ignored for this session
ATTENTION: default value of option force_s3tc_enable overridden by environment.
JavaScript error: http://deanhume.com/home/blogpost/selenium-webdriver---wait-for-an-element-to-load/64, line 69: TypeError: The expression cannot be converted to return the specified type.
JavaScript error: http://deanhume.com/home/blogpost/selenium-webdriver---wait-for-an-element-to-load/64, line 69: TypeError: a is null
1517925834480	geckodriver	INFO	geckodriver 0.19.1
1517925834482	geckodriver	INFO	Listening on 127.0.0.1:41183
1517925835587	mozrunner::runner	INFO	Running command: "/usr/bin/firefox" "-marionette" "-profile" "/tmp/rust_mozprofile.zAqEGY3aK1XC"
1517925836200	Marionette	INFO	Enabled via --marionette
1517925837821	Marionette	INFO	Listening on port 42367
1517925837895	Marionette	WARN	TLS certificate errors will be ignored for this session
ATTENTION: default value of option force_s3tc_enable overridden by environment.
1517925874980	geckodriver	INFO	geckodriver 0.19.1
1517925874983	geckodriver	INFO	Listening on 127.0.0.1:46599
1517925876092	mozrunner::runner	INFO	Running command: "/usr/bin/firefox" "-marionette" "-profile" "/tmp/rust_mozprofile.QZifdCa93G5O"
1517925876628	Marionette	INFO	Enabled via --marionette
1517925878217	Marionette	INFO	Listening on port 34111
1517925878301	Marionette	WARN	TLS certificate errors will be ignored for this session
ATTENTION: default value of option force_s3tc_enable overridden by environment.
*** UTM:SVC TimerManager:registerTimer called after profile-before-change notification. Ignoring timer registration for id: telemetry_modules_ping
1517925962454	geckodriver	INFO	geckodriver 0.19.1
1517925962456	geckodriver	INFO	Listening on 127.0.0.1:53501
1517925963565	mozrunner::runner	INFO	Running command: "/usr/bin/firefox" "-marionette" "-profile" "/tmp/rust_mozprofile.4Py7bkBMtMNt"
1517925964153	Marionette	INFO	Enabled via --marionette
1517925965857	Marionette	INFO	Listening on port 40059
1517925965877	Marionette	WARN	TLS certificate errors will be ignored for this session
ATTENTION: default value of option force_s3tc_enable overridden by environment.
1517926063449	geckodriver	INFO	geckodriver 0.19.1
1517926063452	geckodriver	INFO	Listening on 127.0.0.1:43951
1517926064554	mozrunner::runner	INFO	Running command: "/usr/bin/firefox" "-marionette" "-profile" "/tmp/rust_mozprofile.YfG5zPTJyZKk"
1517926065116	Marionette	INFO	Enabled via --marionette
1517926066784	Marionette	INFO	Listening on port 40237
1517926066870	Marionette	WARN	TLS certificate errors will be ignored for this session
ATTENTION: default value of option force_s3tc_enable overridden by environment.
1517926169441	geckodriver	INFO	geckodriver 0.19.1
1517926169444	geckodriver	INFO	Listening on 127.0.0.1:33617
1517926170575	mozrunner::runner	INFO	Running command: "/usr/bin/firefox" "-marionette" "-profile" "/tmp/rust_mozprofile.c6oDPYvzDoVG"
1517926171089	Marionette	INFO	Enabled via --marionette
1517926172712	Marionette	INFO	Listening on port 38167
1517926172784	Marionette	WARN	TLS certificate errors will be ignored for this session
ATTENTION: default value of option force_s3tc_enable overridden by environment.
1517926328586	geckodriver	INFO	geckodriver 0.19.1
1517926328609	geckodriver	INFO	Listening on 127.0.0.1:54629
1517926329718	mozrunner::runner	INFO	Running command: "/usr/bin/firefox" "-marionette" "-profile" "/tmp/rust_mozprofile.nKeDLSdlnzlI"
1517926330239	Marionette	INFO	Enabled via --marionette
1517926332029	Marionette	INFO	Listening on port 45823
1517926332129	Marionette	WARN	TLS certificate errors will be ignored for this session
*** UTM:SVC TimerManager:registerTimer called after profile-before-change notification. Ignoring timer registration for id: telemetry_modules_ping
1517926363929	geckodriver	INFO	geckodriver 0.19.1
1517926363932	geckodriver	INFO	Listening on 127.0.0.1:46413
1517926365049	mozrunner::runner	INFO	Running command: "/usr/bin/firefox" "-marionette" "-profile" "/tmp/rust_mozprofile.SZgFfbWy66Qe"
1517926365556	Marionette	INFO	Enabled via --marionette
1517926367270	Marionette	INFO	Listening on port 33791
1517926367357	Marionette	WARN	TLS certificate errors will be ignored for this session
ATTENTION: default value of option force_s3tc_enable overridden by environment.
*** UTM:SVC TimerManager:registerTimer called after profile-before-change notification. Ignoring timer registration for id: telemetry_modules_ping
1517926537076	geckodriver	INFO	geckodriver 0.19.1
1517926537078	geckodriver	INFO	Listening on 127.0.0.1:42607
1517926538205	mozrunner::runner	INFO	Running command: "/usr/bin/firefox" "-marionette" "-profile" "/tmp/rust_mozprofile.rKiVzJAxSP9o"
1517926538729	Marionette	INFO	Enabled via --marionette
1517926540316	Marionette	INFO	Listening on port 42691
1517926540431	Marionette	WARN	TLS certificate errors will be ignored for this session
ATTENTION: default value of option force_s3tc_enable overridden by environment.
*** UTM:SVC TimerManager:registerTimer called after profile-before-change notification. Ignoring timer registration for id: telemetry_modules_ping
1517926610562	geckodriver	INFO	geckodriver 0.19.1
1517926610564	geckodriver	INFO	Listening on 127.0.0.1:48053
1517926611694	mozrunner::runner	INFO	Running command: "/usr/bin/firefox" "-marionette" "-profile" "/tmp/rust_mozprofile.8nffOld8jPbs"
1517926612178	Marionette	INFO	Enabled via --marionette
1517926613797	Marionette	INFO	Listening on port 44693
1517926613811	Marionette	WARN	TLS certificate errors will be ignored for this session
ATTENTION: default value of option force_s3tc_enable overridden by environment.
1517926649552	geckodriver	INFO	geckodriver 0.19.1
1517926649555	geckodriver	INFO	Listening on 127.0.0.1:44583
1517926650689	mozrunner::runner	INFO	Running command: "/usr/bin/firefox" "-marionette" "-profile" "/tmp/rust_mozprofile.vh7H7zEv6h3G"
1517926651259	Marionette	INFO	Enabled via --marionette
1517926652918	Marionette	INFO	Listening on port 34429
1517926652997	Marionette	WARN	TLS certificate errors will be ignored for this session
ATTENTION: default value of option force_s3tc_enable overridden by environment.
[Child 29879, Chrome_ChildThread] WARNING: pipe error (39): Connection reset by peer: file /build/firefox-ox8TnP/firefox-58.0.1+build1/ipc/chromium/src/chrome/common/ipc_channel_posix.cc, line 353
[Child 29879, Chrome_ChildThread] WARNING: pipe error (3): Connection reset by peer: file /build/firefox-ox8TnP/firefox-58.0.1+build1/ipc/chromium/src/chrome/common/ipc_channel_posix.cc, line 353
1517926685772	geckodriver	INFO	geckodriver 0.19.1
1517926685775	geckodriver	INFO	Listening on 127.0.0.1:56687
1517926686901	mozrunner::runner	INFO	Running command: "/usr/bin/firefox" "-marionette" "-profile" "/tmp/rust_mozprofile.xJp82lDXRL3n"
1517926687433	Marionette	INFO	Enabled via --marionette
1517926689049	Marionette	INFO	Listening on port 37385
1517926689111	Marionette	WARN	TLS certificate errors will be ignored for this session
ATTENTION: default value of option force_s3tc_enable overridden by environment.
[Child 30066, Chrome_ChildThread] WARNING: pipe error (39): Connection reset by peer: file /build/firefox-ox8TnP/firefox-58.0.1+build1/ipc/chromium/src/chrome/common/ipc_channel_posix.cc, line 353
[Child 30066, Chrome_ChildThread] WARNING: pipe error (31): Connection reset by peer: file /build/firefox-ox8TnP/firefox-58.0.1+build1/ipc/chromium/src/chrome/common/ipc_channel_posix.cc, line 353
[Child 30066, Chrome_ChildThread] WARNING: pipe error (3): Connection reset by peer: file /build/firefox-ox8TnP/firefox-58.0.1+build1/ipc/chromium/src/chrome/common/ipc_channel_posix.cc, line 353
1517927019277	geckodriver	INFO	geckodriver 0.19.1
1517927019279	geckodriver	INFO	Listening on 127.0.0.1:34413
1517927020404	mozrunner::runner	INFO	Running command: "/usr/bin/firefox" "-marionette" "-profile" "/tmp/rust_mozprofile.lDeKLHEUxX3v"
1517927020913	Marionette	INFO	Enabled via --marionette
1517927022594	Marionette	INFO	Listening on port 40779
1517927022614	Marionette	WARN	TLS certificate errors will be ignored for this session
ATTENTION: default value of option force_s3tc_enable overridden by environment.
[Child 30528, Chrome_ChildThread] WARNING: pipe error (39): Connection reset by peer: file /build/firefox-ox8TnP/firefox-58.0.1+build1/ipc/chromium/src/chrome/common/ipc_channel_posix.cc, line 353
[Child 30528, Chrome_ChildThread] WARNING: pipe error (17): Connection reset by peer: file /build/firefox-ox8TnP/firefox-58.0.1+build1/ipc/chromium/src/chrome/common/ipc_channel_posix.cc, line 353
[Child 30528, Chrome_ChildThread] WARNING: pipe error (31): Connection reset by peer: file /build/firefox-ox8TnP/firefox-58.0.1+build1/ipc/chromium/src/chrome/common/ipc_channel_posix.cc, line 353
[Child 30528, Chrome_ChildThread] WARNING: pipe error (3): Connection reset by peer: file /build/firefox-ox8TnP/firefox-58.0.1+build1/ipc/chromium/src/chrome/common/ipc_channel_posix.cc, line 353
1517927042787	geckodriver	INFO	geckodriver 0.19.1
1517927042789	geckodriver	INFO	Listening on 127.0.0.1:49257
1517927043903	mozrunner::runner	INFO	Running command: "/usr/bin/firefox" "-marionette" "-profile" "/tmp/rust_mozprofile.ee6QgZ0GfwtY"
1517927044437	Marionette	INFO	Enabled via --marionette
1517927046029	Marionette	INFO	Listening on port 37013
1517927046110	Marionette	WARN	TLS certificate errors will be ignored for this session
ATTENTION: default value of option force_s3tc_enable overridden by environment.
[Child 30697, Chrome_ChildThread] WARNING: pipe error (3): Connection reset by peer: file /build/firefox-ox8TnP/firefox-58.0.1+build1/ipc/chromium/src/chrome/common/ipc_channel_posix.cc, line 353
JavaScript error: resource://devtools/shared/base-loader.js -> resource://devtools/server/actors/tab.js, line 1420: TypeError: this._tabPool is null
JavaScript error: resource://devtools/shared/base-loader.js -> resource://devtools/server/actors/tab.js, line 1420: TypeError: this._tabPool is null
*************************
A coding exception was thrown in a Promise resolution callback.
See https://developer.mozilla.org/Mozilla/JavaScript_code_modules/Promise.jsm/Promise

Full message: TypeError: this._containers is null
Full stack: getContainer@resource://devtools/shared/base-loader.js -> resource://devtools/client/inspector/markup/markup.js:481:5
showNode/<@resource://devtools/shared/base-loader.js -> resource://devtools/client/inspector/markup/markup.js:1143:30
process@resource://gre/modules/Promise.jsm -> resource://gre/modules/Promise-backend.js:922:23
walkerLoop@resource://gre/modules/Promise.jsm -> resource://gre/modules/Promise-backend.js:806:7
scheduleWalkerLoop/<@resource://gre/modules/Promise.jsm -> resource://gre/modules/Promise-backend.js:742:11

*************************
ATTENTION: default value of option force_s3tc_enable overridden by environment.

###!!! [Child][RunMessage] Error: Channel closing: too late to send/recv, messages will be lost


###!!! [Child][RunMessage] Error: Channel closing: too late to send/recv, messages will be lost

[Parent 27091, Gecko_IOThread] WARNING: pipe error (58): Connection reset by peer: file /build/firefox-ox8TnP/firefox-58.0.1+build1/ipc/chromium/src/chrome/common/ipc_channel_posix.cc, line 353

###!!! [Child][RunMessage] Error: Channel closing: too late to send/recv, messages will be lost


###!!! [Child][RunMessage] Error: Channel closing: too late to send/recv, messages will be lost


###!!! [Child][RunMessage] Error: Channel closing: too late to send/recv, messages will be lost


###!!! [Child][RunMessage] Error: Channel closing: too late to send/recv, messages will be lost

1518014198702	geckodriver	INFO	geckodriver 0.19.1
1518014198738	geckodriver	INFO	Listening on 127.0.0.1:44825
1518014199870	mozrunner::runner	INFO	Running command: "/usr/bin/firefox" "-marionette" "-profile" "/tmp/rust_mozprofile.Kn0I9EI9n3SD"
1518014201032	Marionette	INFO	Enabled via --marionette
1518014203735	Marionette	INFO	Listening on port 45405
1518014203787	Marionette	WARN	TLS certificate errors will be ignored for this session
ATTENTION: default value of option force_s3tc_enable overridden by environment.
1518014323205	geckodriver	INFO	geckodriver 0.19.1
1518014323207	geckodriver	INFO	Listening on 127.0.0.1:45347
1518014324331	mozrunner::runner	INFO	Running command: "/usr/bin/firefox" "-marionette" "-profile" "/tmp/rust_mozprofile.pxHDQoAZAAHx"
1518014324932	Marionette	INFO	Enabled via --marionette
1518014327008	Marionette	INFO	Listening on port 43337
1518014327044	Marionette	WARN	TLS certificate errors will be ignored for this session
ATTENTION: default value of option force_s3tc_enable overridden by environment.
1518014355449	geckodriver	INFO	geckodriver 0.19.1
1518014355451	geckodriver	INFO	Listening on 127.0.0.1:48455
1518014356574	mozrunner::runner	INFO	Running command: "/usr/bin/firefox" "-marionette" "-profile" "/tmp/rust_mozprofile.uw52kSaI1Mz6"
1518014357204	Marionette	INFO	Enabled via --marionette
1518014359132	Marionette	INFO	Listening on port 42177
1518014359185	Marionette	WARN	TLS certificate errors will be ignored for this session
ATTENTION: default value of option force_s3tc_enable overridden by environment.
1518014675115	geckodriver	INFO	geckodriver 0.19.1
1518014675117	geckodriver	INFO	Listening on 127.0.0.1:37531
1518014676217	mozrunner::runner	INFO	Running command: "/usr/bin/firefox" "-marionette" "-profile" "/tmp/rust_mozprofile.SBjl8xYk6nhR"
1518014676799	Marionette	INFO	Enabled via --marionette
1518014678571	Marionette	INFO	Listening on port 38601
1518014678635	Marionette	WARN	TLS certificate errors will be ignored for this session
ATTENTION: default value of option force_s3tc_enable overridden by environment.
1518014710744	geckodriver	INFO	geckodriver 0.19.1
1518014710746	geckodriver	INFO	Listening on 127.0.0.1:35571
1518014711871	mozrunner::runner	INFO	Running command: "/usr/bin/firefox" "-marionette" "-profile" "/tmp/rust_mozprofile.Y1BxnwVpxwnm"
1518014712400	Marionette	INFO	Enabled via --marionette
1518014714257	Marionette	INFO	Listening on port 41189
1518014714282	Marionette	WARN	TLS certificate errors will be ignored for this session
ATTENTION: default value of option force_s3tc_enable overridden by environment.
[Child 21107, Chrome_ChildThread] WARNING: pipe error (3): Connection reset by peer: file /build/firefox-ox8TnP/firefox-58.0.1+build1/ipc/chromium/src/chrome/common/ipc_channel_posix.cc, line 353
1518014812867	geckodriver	INFO	geckodriver 0.19.1
1518014812871	geckodriver	INFO	Listening on 127.0.0.1:39751
1518014813998	mozrunner::runner	INFO	Running command: "/usr/bin/firefox" "-marionette" "-profile" "/tmp/rust_mozprofile.J1QINrY9U5Oj"
1518014814525	Marionette	INFO	Enabled via --marionette
1518014816231	Marionette	INFO	Listening on port 37961
1518014816306	Marionette	WARN	TLS certificate errors will be ignored for this session
ATTENTION: default value of option force_s3tc_enable overridden by environment.
*** UTM:SVC TimerManager:registerTimer called after profile-before-change notification. Ignoring timer registration for id: telemetry_modules_ping
1518014847296	geckodriver	INFO	geckodriver 0.19.1
1518014847299	geckodriver	INFO	Listening on 127.0.0.1:42139
1518014848411	mozrunner::runner	INFO	Running command: "/usr/bin/firefox" "-marionette" "-profile" "/tmp/rust_mozprofile.4kgKRvNRB3ys"
1518014848971	Marionette	INFO	Enabled via --marionette
1518014850724	Marionette	INFO	Listening on port 46573
1518014850829	Marionette	WARN	TLS certificate errors will be ignored for this session
ATTENTION: default value of option force_s3tc_enable overridden by environment.
1518014857531	geckodriver	INFO	geckodriver 0.19.1
1518014857534	geckodriver	INFO	Listening on 127.0.0.1:34613
1518014858656	mozrunner::runner	INFO	Running command: "/usr/bin/firefox" "-marionette" "-profile" "/tmp/rust_mozprofile.IiDtMAVaZsnW"
1518014859251	Marionette	INFO	Enabled via --marionette
1518014861052	Marionette	INFO	Listening on port 46375
1518014861070	Marionette	WARN	TLS certificate errors will be ignored for this session
ATTENTION: default value of option force_s3tc_enable overridden by environment.
[Parent 21452, Gecko_IOThread] WARNING: pipe error (94): Connection reset by peer: file /build/firefox-ox8TnP/firefox-58.0.1+build1/ipc/chromium/src/chrome/common/ipc_channel_posix.cc, line 353
*** UTM:SVC TimerManager:registerTimer called after profile-before-change notification. Ignoring timer registration for id: telemetry_modules_ping
*** UTM:SVC TimerManager:registerTimer called after profile-before-change notification. Ignoring timer registration for id: telemetry_modules_ping
1518014963328	geckodriver	INFO	geckodriver 0.19.1
1518014963331	geckodriver	INFO	Listening on 127.0.0.1:43627
1518014964455	mozrunner::runner	INFO	Running command: "/usr/bin/firefox" "-marionette" "-profile" "/tmp/rust_mozprofile.wd77F7Nk6H7Y"
1518014965040	Marionette	INFO	Enabled via --marionette
1518014966854	Marionette	INFO	Listening on port 34949
1518014966870	Marionette	WARN	TLS certificate errors will be ignored for this session
ATTENTION: default value of option force_s3tc_enable overridden by environment.
[Child 21937, Chrome_ChildThread] WARNING: pipe error (45): Connection reset by peer: file /build/firefox-ox8TnP/firefox-58.0.1+build1/ipc/chromium/src/chrome/common/ipc_channel_posix.cc, line 353
[Child 21937, Chrome_ChildThread] WARNING: pipe error (35): Connection reset by peer: file /build/firefox-ox8TnP/firefox-58.0.1+build1/ipc/chromium/src/chrome/common/ipc_channel_posix.cc, line 353
[Child 21937, Chrome_ChildThread] WARNING: pipe error (3): Connection reset by peer: file /build/firefox-ox8TnP/firefox-58.0.1+build1/ipc/chromium/src/chrome/common/ipc_channel_posix.cc, line 353
1518014974606	geckodriver	INFO	geckodriver 0.19.1
1518014974609	geckodriver	INFO	Listening on 127.0.0.1:54037
1518014975736	mozrunner::runner	INFO	Running command: "/usr/bin/firefox" "-marionette" "-profile" "/tmp/rust_mozprofile.qPqsrqwZmPfZ"
1518014976296	Marionette	INFO	Enabled via --marionette
1518014978050	Marionette	INFO	Listening on port 37349
1518014979157	Marionette	WARN	TLS certificate errors will be ignored for this session
ATTENTION: default value of option force_s3tc_enable overridden by environment.
1518015017943	geckodriver	INFO	geckodriver 0.19.1
1518015017945	geckodriver	INFO	Listening on 127.0.0.1:53369
1518015019074	mozrunner::runner	INFO	Running command: "/usr/bin/firefox" "-marionette" "-profile" "/tmp/rust_mozprofile.MSjWXK50XfnW"
1518015019626	Marionette	INFO	Enabled via --marionette
1518015021409	Marionette	INFO	Listening on port 40391
1518015021482	Marionette	WARN	TLS certificate errors will be ignored for this session
ATTENTION: default value of option force_s3tc_enable overridden by environment.
[GFX1-]: Receive IPC close with reason=AbnormalShutdown
1518015407247	geckodriver	INFO	geckodriver 0.19.1
1518015407249	geckodriver	INFO	Listening on 127.0.0.1:37527
1518015408344	mozrunner::runner	INFO	Running command: "/usr/bin/firefox" "-marionette" "-profile" "/tmp/rust_mozprofile.LynGTYRtK6c2"
1518015408928	Marionette	INFO	Enabled via --marionette
1518015410636	Marionette	INFO	Listening on port 35239
1518015410658	Marionette	WARN	TLS certificate errors will be ignored for this session
ATTENTION: default value of option force_s3tc_enable overridden by environment.
1518015414178	geckodriver	INFO	geckodriver 0.19.1
1518015414183	geckodriver	INFO	Listening on 127.0.0.1:48393
1518015415277	mozrunner::runner	INFO	Running command: "/usr/bin/firefox" "-marionette" "-profile" "/tmp/rust_mozprofile.gLkjco7XCcXm"
1518015415836	Marionette	INFO	Enabled via --marionette
1518015417618	Marionette	INFO	Listening on port 40747
1518015417689	Marionette	WARN	TLS certificate errors will be ignored for this session
ATTENTION: default value of option force_s3tc_enable overridden by environment.
[Child 22792, Chrome_ChildThread] WARNING: pipe error (35): Connection reset by peer: file /build/firefox-ox8TnP/firefox-58.0.1+build1/ipc/chromium/src/chrome/common/ipc_channel_posix.cc, line 353
[Child 22792, Chrome_ChildThread] WARNING: pipe error (3): Connection reset by peer: file /build/firefox-ox8TnP/firefox-58.0.1+build1/ipc/chromium/src/chrome/common/ipc_channel_posix.cc, line 353
1518015419809	geckodriver	INFO	geckodriver 0.19.1
1518015419813	geckodriver	INFO	Listening on 127.0.0.1:45417
1518015420906	mozrunner::runner	INFO	Running command: "/usr/bin/firefox" "-marionette" "-profile" "/tmp/rust_mozprofile.vNVYxkxTpgc7"
1518015421465	Marionette	INFO	Enabled via --marionette
1518015423195	Marionette	INFO	Listening on port 43409
1518015423219	Marionette	WARN	TLS certificate errors will be ignored for this session
ATTENTION: default value of option force_s3tc_enable overridden by environment.
1518015425855	geckodriver	INFO	geckodriver 0.19.1
1518015425860	geckodriver	INFO	Listening on 127.0.0.1:57441
1518015426955	mozrunner::runner	INFO	Running command: "/usr/bin/firefox" "-marionette" "-profile" "/tmp/rust_mozprofile.T3rezlL9VPEO"
1518015427536	Marionette	INFO	Enabled via --marionette
1518015429592	Marionette	INFO	Listening on port 35767
1518015429664	Marionette	WARN	TLS certificate errors will be ignored for this session
ATTENTION: default value of option force_s3tc_enable overridden by environment.
1518015433393	geckodriver	INFO	geckodriver 0.19.1
1518015433406	geckodriver	INFO	Listening on 127.0.0.1:59767
1518015434489	mozrunner::runner	INFO	Running command: "/usr/bin/firefox" "-marionette" "-profile" "/tmp/rust_mozprofile.FyQwVTk9fqEO"
1518015435051	Marionette	INFO	Enabled via --marionette
1518015436763	Marionette	INFO	Listening on port 38199
1518015436806	Marionette	WARN	TLS certificate errors will be ignored for this session
ATTENTION: default value of option force_s3tc_enable overridden by environment.
1518015441115	geckodriver	INFO	geckodriver 0.19.1
1518015441119	geckodriver	INFO	Listening on 127.0.0.1:58955
1518015442212	mozrunner::runner	INFO	Running command: "/usr/bin/firefox" "-marionette" "-profile" "/tmp/rust_mozprofile.WZoFdSpJMQ0m"
1518015442967	Marionette	INFO	Enabled via --marionette
1518015445036	Marionette	INFO	Listening on port 46857
1518015445124	Marionette	WARN	TLS certificate errors will be ignored for this session
ATTENTION: default value of option force_s3tc_enable overridden by environment.
1518015448877	geckodriver	INFO	geckodriver 0.19.1
1518015448882	geckodriver	INFO	Listening on 127.0.0.1:41901
1518015449976	mozrunner::runner	INFO	Running command: "/usr/bin/firefox" "-marionette" "-profile" "/tmp/rust_mozprofile.cN7lUTcoVBE0"
1518015450579	Marionette	INFO	Enabled via --marionette
1518015452722	Marionette	INFO	Listening on port 36465
1518015452807	Marionette	WARN	TLS certificate errors will be ignored for this session
ATTENTION: default value of option force_s3tc_enable overridden by environment.
1518015456581	geckodriver	INFO	geckodriver 0.19.1
1518015456585	geckodriver	INFO	Listening on 127.0.0.1:40825
1518015457679	mozrunner::runner	INFO	Running command: "/usr/bin/firefox" "-marionette" "-profile" "/tmp/rust_mozprofile.bytSjfZTt3fN"
1518015458230	Marionette	INFO	Enabled via --marionette
1518015460026	Marionette	INFO	Listening on port 41835
1518015460087	Marionette	WARN	TLS certificate errors will be ignored for this session
ATTENTION: default value of option force_s3tc_enable overridden by environment.
*** UTM:SVC TimerManager:registerTimer called after profile-before-change notification. Ignoring timer registration for id: telemetry_modules_ping
1518015771842	geckodriver	INFO	geckodriver 0.19.1
1518015771845	geckodriver	INFO	Listening on 127.0.0.1:41671
1518015772941	mozrunner::runner	INFO	Running command: "/usr/bin/firefox" "-marionette" "-profile" "/tmp/rust_mozprofile.20XuisoxEsaS"
1518015773492	Marionette	INFO	Enabled via --marionette
1518015775122	Marionette	INFO	Listening on port 44715
1518015775155	Marionette	WARN	TLS certificate errors will be ignored for this session
ATTENTION: default value of option force_s3tc_enable overridden by environment.
1518015777775	geckodriver	INFO	geckodriver 0.19.1
1518015777782	geckodriver	INFO	Listening on 127.0.0.1:56873
1518015778872	mozrunner::runner	INFO	Running command: "/usr/bin/firefox" "-marionette" "-profile" "/tmp/rust_mozprofile.RuEoHa3e67Cy"
1518015779379	Marionette	INFO	Enabled via --marionette
1518015781098	Marionette	INFO	Listening on port 38883
1518015781179	Marionette	WARN	TLS certificate errors will be ignored for this session
ATTENTION: default value of option force_s3tc_enable overridden by environment.
[GFX1-]: Receive IPC close with reason=AbnormalShutdown
[Child 24763, Chrome_ChildThread] WARNING: pipe error (3): Connection reset by peer: file /build/firefox-ox8TnP/firefox-58.0.1+build1/ipc/chromium/src/chrome/common/ipc_channel_posix.cc, line 353
1518015783749	geckodriver	INFO	geckodriver 0.19.1
1518015783754	geckodriver	INFO	Listening on 127.0.0.1:42135
1518015783965	mozrunner::runner	INFO	Running command: "/usr/bin/firefox" "-marionette" "-profile" "/tmp/rust_mozprofile.YaeLDlFhVuJK"
1518015784496	Marionette	INFO	Enabled via --marionette
1518015786328	Marionette	INFO	Listening on port 38739
1518015786381	Marionette	WARN	TLS certificate errors will be ignored for this session
ATTENTION: default value of option force_s3tc_enable overridden by environment.
1518101898655	geckodriver	INFO	geckodriver 0.19.1
1518101898676	geckodriver	INFO	Listening on 127.0.0.1:51107
1518101898948	mozrunner::runner	INFO	Running command: "/usr/bin/firefox" "-marionette" "-profile" "/tmp/rust_mozprofile.RCwWZ9hKDKOs"
1518101899987	Marionette	INFO	Enabled via --marionette
1518101903244	Marionette	INFO	Listening on port 41057
1518101903858	Marionette	WARN	TLS certificate errors will be ignored for this session
ATTENTION: default value of option force_s3tc_enable overridden by environment.
[Child 15762, Chrome_ChildThread] WARNING: pipe error (45): Connection reset by peer: file /build/firefox-ox8TnP/firefox-58.0.1+build1/ipc/chromium/src/chrome/common/ipc_channel_posix.cc, line 353
[Child 15762, Chrome_ChildThread] WARNING: pipe error (35): Connection reset by peer: file /build/firefox-ox8TnP/firefox-58.0.1+build1/ipc/chromium/src/chrome/common/ipc_channel_posix.cc, line 353
[Child 15762, Chrome_ChildThread] WARNING: pipe error (3): Connection reset by peer: file /build/firefox-ox8TnP/firefox-58.0.1+build1/ipc/chromium/src/chrome/common/ipc_channel_posix.cc, line 353
1518101945706	geckodriver	INFO	geckodriver 0.19.1
1518101945708	geckodriver	INFO	Listening on 127.0.0.1:32857
1518101946849	mozrunner::runner	INFO	Running command: "/usr/bin/firefox" "-marionette" "-profile" "/tmp/rust_mozprofile.KjiLO8BEdKww"
1518101947396	Marionette	INFO	Enabled via --marionette
1518101949253	Marionette	INFO	Listening on port 38179
1518101949267	Marionette	WARN	TLS certificate errors will be ignored for this session
ATTENTION: default value of option force_s3tc_enable overridden by environment.
[Child 15945, Chrome_ChildThread] WARNING: pipe error (3): Connection reset by peer: file /build/firefox-ox8TnP/firefox-58.0.1+build1/ipc/chromium/src/chrome/common/ipc_channel_posix.cc, line 353
1518102165340	geckodriver	INFO	geckodriver 0.19.1
1518102165343	geckodriver	INFO	Listening on 127.0.0.1:41185
1518102166443	mozrunner::runner	INFO	Running command: "/usr/bin/firefox" "-marionette" "-profile" "/tmp/rust_mozprofile.7diE8AbcRTpd"
1518102167052	Marionette	INFO	Enabled via --marionette
1518102169181	Marionette	INFO	Listening on port 36725
1518102169255	Marionette	WARN	TLS certificate errors will be ignored for this session
ATTENTION: default value of option force_s3tc_enable overridden by environment.
1518102235401	geckodriver	INFO	geckodriver 0.19.1
1518102235403	geckodriver	INFO	Listening on 127.0.0.1:47771
1518102236504	mozrunner::runner	INFO	Running command: "/usr/bin/firefox" "-marionette" "-profile" "/tmp/rust_mozprofile.QMoYuqVmgCjX"
1518102237143	Marionette	INFO	Enabled via --marionette
1518102239270	Marionette	INFO	Listening on port 40259
1518102239324	Marionette	WARN	TLS certificate errors will be ignored for this session
ATTENTION: default value of option force_s3tc_enable overridden by environment.
1518102416512	geckodriver	INFO	geckodriver 0.19.1
1518102416514	geckodriver	INFO	Listening on 127.0.0.1:57001
1518102417658	mozrunner::runner	INFO	Running command: "/usr/bin/firefox" "-marionette" "-profile" "/tmp/rust_mozprofile.fTsAytQZhdxk"
1518102418294	Marionette	INFO	Enabled via --marionette
1518102420269	Marionette	INFO	Listening on port 44019
1518102420367	Marionette	WARN	TLS certificate errors will be ignored for this session
ATTENTION: default value of option force_s3tc_enable overridden by environment.
[Child 16570, Chrome_ChildThread] WARNING: pipe error (45): Connection reset by peer: file /build/firefox-ox8TnP/firefox-58.0.1+build1/ipc/chromium/src/chrome/common/ipc_channel_posix.cc, line 353
[Child 16570, Chrome_ChildThread] WARNING: pipe error (3): Connection reset by peer: file /build/firefox-ox8TnP/firefox-58.0.1+build1/ipc/chromium/src/chrome/common/ipc_channel_posix.cc, line 353
1518102476098	geckodriver	INFO	geckodriver 0.19.1
1518102476101	geckodriver	INFO	Listening on 127.0.0.1:51363
1518102477244	mozrunner::runner	INFO	Running command: "/usr/bin/firefox" "-marionette" "-profile" "/tmp/rust_mozprofile.N8FzP5GJxeZR"
1518102477890	Marionette	INFO	Enabled via --marionette
1518102480083	Marionette	INFO	Listening on port 41617
1518102480154	Marionette	WARN	TLS certificate errors will be ignored for this session
ATTENTION: default value of option force_s3tc_enable overridden by environment.
1518102517300	geckodriver	INFO	geckodriver 0.19.1
1518102517303	geckodriver	INFO	Listening on 127.0.0.1:38299
1518102518448	mozrunner::runner	INFO	Running command: "/usr/bin/firefox" "-marionette" "-profile" "/tmp/rust_mozprofile.3SbdIi5MFxHU"
1518102519073	Marionette	INFO	Enabled via --marionette
1518102521105	Marionette	INFO	Listening on port 46047
1518102521164	Marionette	WARN	TLS certificate errors will be ignored for this session
ATTENTION: default value of option force_s3tc_enable overridden by environment.
1518102698728	geckodriver	INFO	geckodriver 0.19.1
1518102698730	geckodriver	INFO	Listening on 127.0.0.1:42005
1518102699870	mozrunner::runner	INFO	Running command: "/usr/bin/firefox" "-marionette" "-profile" "/tmp/rust_mozprofile.nIK75GorZ5YQ"
1518102700504	Marionette	INFO	Enabled via --marionette
1518102702557	Marionette	INFO	Listening on port 33559
1518102702586	Marionette	WARN	TLS certificate errors will be ignored for this session
ATTENTION: default value of option force_s3tc_enable overridden by environment.
[GFX1-]: Receive IPC close with reason=AbnormalShutdown
[Child 17211, Chrome_ChildThread] WARNING: pipe error (35): Connection reset by peer: file /build/firefox-ox8TnP/firefox-58.0.1+build1/ipc/chromium/src/chrome/common/ipc_channel_posix.cc, line 353
1518187826647	geckodriver	INFO	geckodriver 0.19.1
1518187826677	geckodriver	INFO	Listening on 127.0.0.1:45413
1518187827856	mozrunner::runner	INFO	Running command: "/usr/bin/firefox" "-marionette" "-profile" "/tmp/rust_mozprofile.WQKr7Xl5N5UZ"
1518187829454	Marionette	INFO	Enabled via --marionette
1518187833255	Marionette	INFO	Listening on port 43841
1518187833821	Marionette	WARN	TLS certificate errors will be ignored for this session
ATTENTION: default value of option force_s3tc_enable overridden by environment.
1518188318359	geckodriver	INFO	geckodriver 0.19.1
1518188318362	geckodriver	INFO	Listening on 127.0.0.1:47531
1518188319485	mozrunner::runner	INFO	Running command: "/usr/bin/firefox" "-marionette" "-profile" "/tmp/rust_mozprofile.ZuLAkKJkzFDJ"
1518188320029	Marionette	INFO	Enabled via --marionette
1518188321753	Marionette	INFO	Listening on port 37967
1518188321794	Marionette	WARN	TLS certificate errors will be ignored for this session
[Child 22500, Chrome_ChildThread] WARNING: pipe error (3): Connection reset by peer: file /build/firefox-ox8TnP/firefox-58.0.1+build1/ipc/chromium/src/chrome/common/ipc_channel_posix.cc, line 353
1518188345811	geckodriver	INFO	geckodriver 0.19.1
1518188345814	geckodriver	INFO	Listening on 127.0.0.1:34581
1518188346940	mozrunner::runner	INFO	Running command: "/usr/bin/firefox" "-marionette" "-profile" "/tmp/rust_mozprofile.V83Y7VllOBaV"
1518188347485	Marionette	INFO	Enabled via --marionette
1518188349181	Marionette	INFO	Listening on port 40403
1518188349248	Marionette	WARN	TLS certificate errors will be ignored for this session
ATTENTION: default value of option force_s3tc_enable overridden by environment.
[Child 22667, Chrome_ChildThread] WARNING: pipe error (45): Connection reset by peer: file /build/firefox-ox8TnP/firefox-58.0.1+build1/ipc/chromium/src/chrome/common/ipc_channel_posix.cc, line 353
[Child 22667, Chrome_ChildThread] WARNING: pipe error (3): Connection reset by peer: file /build/firefox-ox8TnP/firefox-58.0.1+build1/ipc/chromium/src/chrome/common/ipc_channel_posix.cc, line 353
1518188412315	geckodriver	INFO	geckodriver 0.19.1
1518188412318	geckodriver	INFO	Listening on 127.0.0.1:45641
1518188413417	mozrunner::runner	INFO	Running command: "/usr/bin/firefox" "-marionette" "-profile" "/tmp/rust_mozprofile.Ot5APP7uT88l"
1518188413977	Marionette	INFO	Enabled via --marionette
1518188415606	Marionette	INFO	Listening on port 38431
1518188415636	Marionette	WARN	TLS certificate errors will be ignored for this session
ATTENTION: default value of option force_s3tc_enable overridden by environment.
